<?xml version="1.0" encoding="UTF-8"?>
<testng-results skipped="0" failed="0" total="1" passed="1">
  <reporter-output>
  </reporter-output>
  <suite name="Default suite" duration-ms="3868" started-at="2023-07-18T14:42:27Z" finished-at="2023-07-18T14:42:31Z">
    <groups>
    </groups>
    <test name="Default test" duration-ms="3868" started-at="2023-07-18T14:42:27Z" finished-at="2023-07-18T14:42:31Z">
      <class name="basic_API">
        <test-method status="PASS" signature="api_POSTand_DELETE()[pri:2, instance:basic_API@1e643faf]" name="api_POSTand_DELETE" duration-ms="3850" started-at="2023-07-18T10:42:27Z" finished-at="2023-07-18T10:42:31Z">
          <reporter-output>
          </reporter-output>
        </test-method> <!-- api_POSTand_DELETE -->
      </class> <!-- basic_API -->
    </test> <!-- Default test -->
  </suite> <!-- Default suite -->
</testng-results>
